<?xml version="1.0" encoding="UTF-8"?>
<testsuite xmlns:xsi="http://www.w3.org/2001/XMLSchema-instance" xsi:noNamespaceSchemaLocation="https://maven.apache.org/surefire/maven-surefire-plugin/xsd/surefire-test-report.xsd" name="com.mycompany.app.AppTest" time="0.087" tests="1" errors="0" skipped="0" failures="0">
  <properties>
    <property name="sun.desktop" value="windows"/>
    <property name="awt.toolkit" value="sun.awt.windows.WToolkit"/>
    <property name="java.specification.version" value="11"/>
    <property name="sun.cpu.isalist" value="amd64"/>
    <property name="sun.jnu.encoding" value="Cp1252"/>
    <property name="java.class.path" value="C:\Users\broth\Documents\My Documents\University\Uni Work and Coursework Yr3\Mind Map Software\my-app\target\test-classes;C:\Users\broth\Documents\My Documents\University\Uni Work and Coursework Yr3\Mind Map Software\my-app\target\classes;C:\Users\broth\.m2\repository\junit\junit\4.11\junit-4.11.jar;C:\Users\broth\.m2\repository\org\hamcrest\hamcrest-core\1.3\hamcrest-core-1.3.jar;C:\Users\broth\.m2\repository\org\openjfx\javafx-controls\15.0.1\javafx-controls-15.0.1.jar;C:\Users\broth\.m2\repository\org\openjfx\javafx-controls\15.0.1\javafx-controls-15.0.1-win.jar;C:\Users\broth\.m2\repository\org\openjfx\javafx-graphics\15.0.1\javafx-graphics-15.0.1.jar;C:\Users\broth\.m2\repository\org\openjfx\javafx-graphics\15.0.1\javafx-graphics-15.0.1-win.jar;C:\Users\broth\.m2\repository\org\openjfx\javafx-base\15.0.1\javafx-base-15.0.1.jar;C:\Users\broth\.m2\repository\org\openjfx\javafx-base\15.0.1\javafx-base-15.0.1-win.jar;"/>
    <property name="java.vm.vendor" value="Oracle Corporation"/>
    <property name="sun.arch.data.model" value="64"/>
    <property name="user.variant" value=""/>
    <property name="java.vendor.url" value="https://openjdk.java.net/"/>
    <property name="user.timezone" value="Europe/London"/>
    <property name="java.vm.specification.version" value="11"/>
    <property name="os.name" value="Windows 10"/>
    <property name="sun.java.launcher" value="SUN_STANDARD"/>
    <property name="user.country" value="GB"/>
    <property name="sun.boot.library.path" value="C:\Program Files\Java\jdk-11.0.8\bin"/>
    <property name="sun.java.command" value="C:\Users\broth\AppData\Local\Temp\surefire12514697170464639759\surefirebooter3411392172938556356.jar C:\Users\broth\AppData\Local\Temp\surefire12514697170464639759 2021-03-01T18-38-58_862-jvmRun1 surefire6793372386667774917tmp surefire_012303778016942560987tmp"/>
    <property name="jdk.debug" value="release"/>
    <property name="surefire.test.class.path" value="C:\Users\broth\Documents\My Documents\University\Uni Work and Coursework Yr3\Mind Map Software\my-app\target\test-classes;C:\Users\broth\Documents\My Documents\University\Uni Work and Coursework Yr3\Mind Map Software\my-app\target\classes;C:\Users\broth\.m2\repository\junit\junit\4.11\junit-4.11.jar;C:\Users\broth\.m2\repository\org\hamcrest\hamcrest-core\1.3\hamcrest-core-1.3.jar;C:\Users\broth\.m2\repository\org\openjfx\javafx-controls\15.0.1\javafx-controls-15.0.1.jar;C:\Users\broth\.m2\repository\org\openjfx\javafx-controls\15.0.1\javafx-controls-15.0.1-win.jar;C:\Users\broth\.m2\repository\org\openjfx\javafx-graphics\15.0.1\javafx-graphics-15.0.1.jar;C:\Users\broth\.m2\repository\org\openjfx\javafx-graphics\15.0.1\javafx-graphics-15.0.1-win.jar;C:\Users\broth\.m2\repository\org\openjfx\javafx-base\15.0.1\javafx-base-15.0.1.jar;C:\Users\broth\.m2\repository\org\openjfx\javafx-base\15.0.1\javafx-base-15.0.1-win.jar;"/>
    <property name="sun.cpu.endian" value="little"/>
    <property name="user.home" value="C:\Users\broth"/>
    <property name="user.language" value="en"/>
    <property name="java.specification.vendor" value="Oracle Corporation"/>
    <property name="java.version.date" value="2020-07-14"/>
    <property name="java.home" value="C:\Program Files\Java\jdk-11.0.8"/>
    <property name="file.separator" value="\"/>
    <property name="basedir" value="C:\Users\broth\Documents\My Documents\University\Uni Work and Coursework Yr3\Mind Map Software\my-app"/>
    <property name="java.vm.compressedOopsMode" value="32-bit"/>
    <property name="line.separator" value="&#10;"/>
    <property name="java.specification.name" value="Java Platform API Specification"/>
    <property name="java.vm.specification.vendor" value="Oracle Corporation"/>
    <property name="java.awt.graphicsenv" value="sun.awt.Win32GraphicsEnvironment"/>
    <property name="surefire.real.class.path" value="C:\Users\broth\AppData\Local\Temp\surefire12514697170464639759\surefirebooter3411392172938556356.jar"/>
    <property name="user.script" value=""/>
    <property name="sun.management.compiler" value="HotSpot 64-Bit Tiered Compilers"/>
    <property name="java.runtime.version" value="11.0.8+10-LTS"/>
    <property name="user.name" value="broth"/>
    <property name="path.separator" value=";"/>
    <property name="os.version" value="10.0"/>
    <property name="java.runtime.name" value="Java(TM) SE Runtime Environment"/>
    <property name="file.encoding" value="Cp1252"/>
    <property name="java.vm.name" value="Java HotSpot(TM) 64-Bit Server VM"/>
    <property name="java.vendor.version" value="18.9"/>
    <property name="localRepository" value="C:\Users\broth\.m2\repository"/>
    <property name="java.vendor.url.bug" value="https://bugreport.java.com/bugreport/"/>
    <property name="java.io.tmpdir" value="C:\Users\broth\AppData\Local\Temp\"/>
    <property name="java.version" value="11.0.8"/>
    <property name="user.dir" value="C:\Users\broth\Documents\My Documents\University\Uni Work and Coursework Yr3\Mind Map Software\my-app"/>
    <property name="os.arch" value="amd64"/>
    <property name="java.vm.specification.name" value="Java Virtual Machine Specification"/>
    <property name="java.awt.printerjob" value="sun.awt.windows.WPrinterJob"/>
    <property name="sun.os.patch.level" value=""/>
    <property name="java.library.path" value="C:\Program Files\Java\jdk-11.0.8\bin;C:\Windows\Sun\Java\bin;C:\Windows\system32;C:\Windows;C:\Program Files\Common Files\Oracle\Java\javapath;C:\Program Files (x86)\Common Files\Oracle\Java\javapath;C:\Windows\system32;C:\Windows;C:\Windows\System32\Wbem;C:\Windows\System32\WindowsPowerShell\v1.0\;C:\Windows\System32\OpenSSH\;C:\Program Files\Git\cmd;C:\Program Files\nodejs\;C:\Program Files (x86)\GtkSharp\2.12\bin;C:\Ruby25-x64\bin;C:\Users\broth\AppData\Local\Microsoft\WindowsApps;C:\Users\broth\AppData\Local\Programs\Microsoft VS Code Insiders\bin;C:\Users\broth\AppData\Roaming\npm;C:\Program Files\Docker Toolbox;C:\Program Files\apache-maven-3.6.3\bin;;C:\Program Files\JetBrains\IntelliJ IDEA Community Edition 2020.2.3\bin;;."/>
    <property name="java.vendor" value="Oracle Corporation"/>
    <property name="java.vm.info" value="mixed mode"/>
    <property name="java.vm.version" value="11.0.8+10-LTS"/>
    <property name="sun.io.unicode.encoding" value="UnicodeLittle"/>
    <property name="java.class.version" value="55.0"/>
  </properties>
  <testcase name="shouldAnswerWithTrue" classname="com.mycompany.app.AppTest" time="0.003"/>
</testsuite>